<?xml version="1.0" encoding="UTF-8"?>
<!-- Generated by org.testng.reporters.JUnitXMLReporter -->
<testsuite ignored="0" hostname="LAPTOP-N7EP4K8K" failures="0" tests="3" name="Default test" time="3.782" errors="0" timestamp="2023-07-22T11:07:03 IST">
  <testcase classname="Rest.DynamicJson" name="addBook" time="3.122"/>
  <testcase classname="Rest.DynamicJson" name="addBook" time="0.335"/>
  <testcase classname="Rest.DynamicJson" name="addBook" time="0.276"/>
</testsuite> <!-- Default test -->
