<?xml version="1.0" encoding="UTF-8"?>
<testng-results ignored="0" total="3" passed="3" failed="0" skipped="0">
  <reporter-output>
  </reporter-output>
  <suite started-at="2023-07-22T11:07:00 IST" name="Default suite" finished-at="2023-07-22T11:07:03 IST" duration-ms="3782">
    <groups>
    </groups>
    <test started-at="2023-07-22T11:07:00 IST" name="Default test" finished-at="2023-07-22T11:07:03 IST" duration-ms="3782">
      <class name="Rest.DynamicJson">
        <test-method signature="addBook(java.lang.String,java.lang.String)[pri:0, instance:Rest.DynamicJson@67080771]" started-at="2023-07-22T11:07:00 IST" name="addBook" data-provider="mybooksdata" finished-at="2023-07-22T11:07:03 IST" duration-ms="3122" status="PASS">
          <params>
            <param index="0">
              <value>
                <![CDATA[one]]>
              </value>
            </param>
            <param index="1">
              <value>
                <![CDATA[001]]>
              </value>
            </param>
          </params>
          <reporter-output>
          </reporter-output>
        </test-method> <!-- addBook -->
        <test-method signature="addBook(java.lang.String,java.lang.String)[pri:0, instance:Rest.DynamicJson@67080771]" started-at="2023-07-22T11:07:03 IST" name="addBook" data-provider="mybooksdata" finished-at="2023-07-22T11:07:03 IST" duration-ms="335" status="PASS">
          <params>
            <param index="0">
              <value>
                <![CDATA[two]]>
              </value>
            </param>
            <param index="1">
              <value>
                <![CDATA[002]]>
              </value>
            </param>
          </params>
          <reporter-output>
          </reporter-output>
        </test-method> <!-- addBook -->
        <test-method signature="addBook(java.lang.String,java.lang.String)[pri:0, instance:Rest.DynamicJson@67080771]" started-at="2023-07-22T11:07:03 IST" name="addBook" data-provider="mybooksdata" finished-at="2023-07-22T11:07:03 IST" duration-ms="276" status="PASS">
          <params>
            <param index="0">
              <value>
                <![CDATA[three]]>
              </value>
            </param>
            <param index="1">
              <value>
                <![CDATA[003]]>
              </value>
            </param>
          </params>
          <reporter-output>
          </reporter-output>
        </test-method> <!-- addBook -->
      </class> <!-- Rest.DynamicJson -->
    </test> <!-- Default test -->
  </suite> <!-- Default suite -->
</testng-results>
